<?xml version="1.0" encoding="UTF-8"?>
<!-- Generated by org.testng.reporters.JUnitReportReporter -->
<testsuite skipped="4" hostname="DESKTOP-331FDEB" name="appiumFramework.Demos" tests="5" failures="0" timestamp="2021-03-24T17:07:03 IST" time="83.892" errors="0">
  <testcase name="testcase5" time="83.892" classname="appiumFramework.Demos"/>
  <system-out/>
  <testcase name="testcase1" classname="appiumFramework.Demos">
    <skipped/>
  </testcase> <!-- testcase1 -->
  <system-out/>
  <testcase name="testcase2" classname="appiumFramework.Demos">
    <skipped/>
  </testcase> <!-- testcase2 -->
  <system-out/>
  <testcase name="testcase3" classname="appiumFramework.Demos">
    <skipped/>
  </testcase> <!-- testcase3 -->
  <system-out/>
  <testcase name="testcase4" classname="appiumFramework.Demos">
    <skipped/>
  </testcase> <!-- testcase4 -->
  <system-out/>
</testsuite> <!-- appiumFramework.Demos -->
